TN:
SF:src/config/index.ts
FN:6,(anonymous_0)
FNF:1
FNH:0
FNDA:0,(anonymous_0)
DA:1,0
DA:4,0
DA:6,0
DA:7,0
DA:9,0
DA:10,0
DA:13,0
DA:20,0
DA:24,0
LF:9
LH:0
BRDA:9,0,0,0
BRDA:9,1,0,0
BRDA:9,1,1,0
BRDA:14,2,0,0
BRDA:14,2,1,0
BRDA:16,3,0,0
BRDA:16,3,1,0
BRF:7
BRH:0
end_of_record
TN:
SF:src/controllers/TranscriptController.ts
FN:7,(anonymous_7)
FN:9,(anonymous_8)
FN:9,(anonymous_9)
FN:27,(anonymous_10)
FNF:4
FNH:4
FNDA:3,(anonymous_7)
FNDA:2,(anonymous_8)
FNDA:2,(anonymous_9)
FNDA:1,(anonymous_10)
DA:4,1
DA:6,1
DA:7,3
DA:9,3
DA:10,2
DA:11,2
DA:13,2
DA:19,2
DA:21,1
DA:23,1
DA:27,3
DA:28,1
LF:12
LH:12
BRF:0
BRH:0
end_of_record
TN:
SF:src/middleware/errorHandler.ts
FN:4,(anonymous_0)
FNF:1
FNH:0
FNDA:0,(anonymous_0)
DA:2,0
DA:4,0
DA:10,0
DA:12,0
DA:15,0
DA:16,0
DA:19,0
DA:20,0
DA:21,0
DA:22,0
DA:23,0
DA:24,0
DA:25,0
DA:26,0
DA:27,0
DA:28,0
DA:29,0
DA:30,0
DA:33,0
LF:19
LH:0
BRDA:19,0,0,0
BRDA:19,0,1,0
BRDA:22,1,0,0
BRDA:22,1,1,0
BRDA:25,2,0,0
BRDA:25,2,1,0
BRDA:28,3,0,0
BRDA:35,4,0,0
BRDA:35,4,1,0
BRF:9
BRH:0
end_of_record
TN:
SF:src/middleware/validation.ts
FN:5,(anonymous_0)
FNF:1
FNH:1
FNDA:5,(anonymous_0)
DA:3,1
DA:5,1
DA:10,5
DA:12,5
DA:13,1
DA:14,1
DA:15,1
DA:18,4
DA:19,1
DA:20,1
DA:21,1
DA:24,3
DA:25,1
DA:26,1
DA:27,1
DA:30,2
DA:31,1
DA:32,1
DA:33,1
DA:36,1
LF:20
LH:20
BRDA:12,0,0,1
BRDA:18,1,0,1
BRDA:24,2,0,1
BRDA:30,3,0,1
BRF:4
BRH:4
end_of_record
TN:
SF:src/services/AIService.ts
FN:9,(anonymous_7)
FN:14,(anonymous_8)
FN:36,(anonymous_10)
FN:90,(anonymous_11)
FNF:4
FNH:4
FNDA:4,(anonymous_7)
FNDA:4,(anonymous_8)
FNDA:4,(anonymous_10)
FNDA:3,(anonymous_11)
DA:1,2
DA:3,2
DA:5,2
DA:10,4
DA:11,4
DA:15,4
DA:16,4
DA:20,4
DA:21,4
DA:23,4
DA:24,3
DA:25,3
DA:27,3
DA:29,3
DA:31,1
DA:32,1
DA:37,4
DA:91,3
LF:18
LH:18
BRF:0
BRH:0
end_of_record
TN:
SF:src/services/FileService.ts
FN:9,(anonymous_1)
FN:13,(anonymous_2)
FN:33,(anonymous_3)
FN:59,(anonymous_4)
FN:71,(anonymous_5)
FNF:5
FNH:5
FNDA:6,(anonymous_1)
FNDA:3,(anonymous_2)
FNDA:6,(anonymous_3)
FNDA:3,(anonymous_4)
FNDA:3,(anonymous_5)
DA:1,2
DA:2,2
DA:4,2
DA:6,2
DA:10,6
DA:14,3
DA:15,3
DA:17,3
DA:18,3
DA:19,3
DA:20,3
DA:22,3
DA:24,3
DA:26,3
DA:28,0
DA:29,0
DA:34,6
DA:36,6
DA:37,1
DA:38,1
DA:44,5
DA:45,5
DA:47,5
DA:48,5
DA:50,5
DA:60,3
DA:61,3
DA:63,3
DA:64,1
DA:65,1
DA:68,3
DA:72,3
DA:73,3
DA:79,3
LF:34
LH:32
BRDA:36,0,0,1
BRDA:52,1,0,4
BRDA:52,1,1,1
BRDA:53,2,0,4
BRDA:53,2,1,1
BRDA:60,3,0,3
BRDA:60,3,1,2
BRDA:63,4,0,1
BRF:8
BRH:8
end_of_record
TN:
SF:src/services/TranscriptProcessorService.ts
FN:7,(anonymous_7)
FN:12,(anonymous_8)
FNF:2
FNH:2
FNDA:4,(anonymous_7)
FNDA:5,(anonymous_8)
DA:4,2
DA:6,2
DA:8,4
DA:9,4
DA:13,5
DA:14,2
DA:17,3
DA:19,3
DA:21,3
DA:24,2
DA:26,1
DA:28,1
DA:34,2
DA:35,2
LF:14
LH:14
BRDA:13,0,0,2
BRDA:13,1,0,5
BRDA:13,1,1,4
BRF:3
BRH:3
end_of_record
TN:
SF:src/utils/ServiceFactory.ts
FN:12,(anonymous_0)
FN:16,(anonymous_1)
FN:23,(anonymous_2)
FN:30,(anonymous_3)
FN:37,(anonymous_4)
FN:43,(anonymous_5)
FN:48,(anonymous_6)
FNF:7
FNH:0
FNDA:0,(anonymous_0)
FNDA:0,(anonymous_1)
FNDA:0,(anonymous_2)
FNDA:0,(anonymous_3)
FNDA:0,(anonymous_4)
FNDA:0,(anonymous_5)
FNDA:0,(anonymous_6)
DA:1,0
DA:2,0
DA:3,0
DA:4,0
DA:5,0
DA:8,0
DA:13,0
DA:17,0
DA:18,0
DA:20,0
DA:24,0
DA:31,0
DA:38,0
DA:39,0
DA:40,0
DA:44,0
DA:45,0
DA:49,0
LF:18
LH:0
BRDA:17,0,0,0
BRF:1
BRH:0
end_of_record
TN:
SF:src/utils/logger.ts
FN:3,(anonymous_0)
FN:6,(anonymous_1)
FN:12,(anonymous_2)
FN:16,(anonymous_3)
FN:20,(anonymous_4)
FN:26,(anonymous_5)
FNF:6
FNH:6
FNDA:8,(anonymous_0)
FNDA:28,(anonymous_1)
FNDA:9,(anonymous_2)
FNDA:5,(anonymous_3)
FNDA:3,(anonymous_4)
FNDA:11,(anonymous_5)
DA:4,8
DA:7,28
DA:8,28
DA:9,28
DA:13,9
DA:17,5
DA:22,3
DA:23,3
DA:27,11
DA:28,11
DA:33,8
LF:11
LH:11
BRDA:8,0,0,24
BRDA:8,0,1,4
BRDA:22,1,0,3
BRDA:22,1,1,0
BRDA:27,2,0,11
BRF:5
BRH:4
end_of_record
